빌드 시작: 2016-02-21 오후 8:01:58
     1>2 노드의 "D:\GameServer2\Network\Network\Network.vcxproj" 프로젝트(Build 대상)입니다.
     1>ClCompile:
         C:\Program Files\Microsoft Visual Studio 12.0\VC\bin\CL.exe /c /I../../ThirdParty/ACE/include /ZI /nologo /W3 /WX- /Od /Oy- /D NETWORKENGINE_EXPORTS /D WIN32 /D _DEBUG /D _WINDOWS /D _USRDLL /D CGSFENGINE_EXPORTS /D _WINDLL /D _UNICODE /D UNICODE /Gm /EHsc /RTC1 /MDd /GS /fp:precise /Zc:wchar_t /Zc:forScope /Fo"../All/Intermediate/Debug\Network\\" /Fd"../All/Intermediate/Debug\Network\vc120.pdb" /Gd /TP /wd4996 /analyze- /errorReport:prompt Engine.cpp
         Engine.cpp
       Link:
         C:\Program Files\Microsoft Visual Studio 12.0\VC\bin\link.exe /ERRORREPORT:PROMPT /OUT:"D:\GameServer2\Network\Debug\Network.dll" /INCREMENTAL /NOLOGO /LIBPATH:../../ThirdParty/ACE/Lib/x86 kernel32.lib user32.lib gdi32.lib winspool.lib comdlg32.lib advapi32.lib shell32.lib ole32.lib oleaut32.lib uuid.lib odbc32.lib odbccp32.lib /MANIFEST /MANIFESTUAC:"level='asInvoker' uiAccess='false'" /manifest:embed /DEBUG /PDB:"D:\GameServer2\Network\Debug\Network.pdb" /SUBSYSTEM:WINDOWS /TLBID:1 /DYNAMICBASE /NXCOMPAT /IMPLIB:"D:\GameServer2\Network\Debug\Network.lib" /MACHINE:X86 /DLL ../All/Intermediate/Debug\Network\Engine.obj
            D:\GameServer2\Network\Debug\Network.lib 라이브러리 및 D:\GameServer2\Network\Debug\Network.exp 개체를 생성하고 있습니다.
     1>Engine.obj : error LNK2019: "public: __thiscall ProactorService::ProactorService(void)" (??0ProactorService@@QAE@XZ) 외부 기호(참조 위치: "public: virtual bool __thiscall ACEClientEngine::Start(char *,unsigned short)" (?Start@ACEClientEngine@@UAE_NPADG@Z) 함수)에서 확인하지 못했습니다.
     1>Engine.obj : error LNK2019: "void __cdecl ProactorWorkerThread(void *)" (?ProactorWorkerThread@@YAXPAX@Z) 외부 기호(참조 위치: "public: virtual bool __thiscall ACEClientEngine::Init(void)" (?Init@ACEClientEngine@@UAE_NXZ) 함수)에서 확인하지 못했습니다.
     1>D:\GameServer2\Network\Debug\Network.dll : fatal error LNK1120: 2개의 확인할 수 없는 외부 참조입니다.
     1>"D:\GameServer2\Network\Network\Network.vcxproj" 프로젝트를 빌드했습니다(Build 대상). - 실패

빌드하지 못했습니다.

경과 시간: 00:00:00.85
